<?xml version="1.0" encoding="UTF-8"?>
<!-- Generated by org.testng.reporters.JUnitReportReporter -->
<testsuite hostname="madhav-lengare" failures="0" tests="1" name="Automation.SeleniumFramework.tests.SubmitOrder" time="17.097" errors="0" timestamp="2024-03-24T13:01:34 IST" skipped="0">
  <testcase classname="Automation.SeleniumFramework.tests.SubmitOrder" name="submitOrderTest" time="17.097"/>
</testsuite> <!-- Automation.SeleniumFramework.tests.SubmitOrder -->
