<?xml version="1.0" encoding="UTF-8"?>
<!-- Generated by org.testng.reporters.JUnitReportReporter -->
<testsuite hostname="madhav-lengare" failures="0" tests="2" name="Automation.SeleniumFramework.tests.SubmitOrderTest" time="35.204" errors="0" timestamp="2024-03-24T20:36:04 IST" skipped="0">
  <testcase classname="Automation.SeleniumFramework.tests.SubmitOrderTest" name="submitOrderTest" time="25.329"/>
  <testcase classname="Automation.SeleniumFramework.tests.SubmitOrderTest" name="orderHistoryTest" time="9.875"/>
</testsuite> <!-- Automation.SeleniumFramework.tests.SubmitOrderTest -->
