<?xml version="1.0" encoding="UTF-8"?>
<!-- Generated by org.testng.reporters.JUnitReportReporter -->
<testsuite hostname="madhav-lengare" failures="0" tests="1" name="Automation.SeleniumFramework.tests.StandAloneTest" time="21.314" errors="0" timestamp="2024-03-23T09:25:17 IST" skipped="0">
  <testcase classname="Automation.SeleniumFramework.tests.StandAloneTest" name="submitOrderTest" time="21.314"/>
</testsuite> <!-- Automation.SeleniumFramework.tests.StandAloneTest -->
