<?xml version="1.0" encoding="UTF-8"?>
<!-- Generated by org.testng.reporters.JUnitReportReporter -->
<testsuite hostname="madhav-lengare" failures="0" tests="1" name="cucumber.TestNGRunner" time="4.206" errors="0" timestamp="2024-05-16T22:15:36 IST" skipped="0">
  <testcase classname="cucumber.TestNGRunner" name="runScenario" time="4.206"/>
</testsuite> <!-- cucumber.TestNGRunner -->
