<?xml version="1.0" encoding="UTF-8"?>
<!-- Generated by org.testng.reporters.JUnitReportReporter -->
<testsuite hostname="madhav-lengare" failures="0" tests="2" name="Automation.SeleniumFramework.tests.ErrorValidation" time="17.713" errors="0" timestamp="2024-03-24T13:01:34 IST" skipped="0">
  <testcase classname="Automation.SeleniumFramework.tests.ErrorValidation" name="LoginErrorValidation" time="3.699"/>
  <testcase classname="Automation.SeleniumFramework.tests.ErrorValidation" name="ProductErrorValidation" time="14.014"/>
</testsuite> <!-- Automation.SeleniumFramework.tests.ErrorValidation -->
